Using pre-set license
Built from '2020.3/staging' branch; Version is '2020.3.20f1 (41c4e627c95f) revision 4310246'; Using compiler version '192528614'; Build Type 'Release'
OS: 'Windows 10 Home; OS build 19043.1348; Version 2009; 64bit' Language: 'en' Physical Memory: 16282 MB
BatchMode: 1, IsHumanControllingUs: 0, StartBugReporterOnCrash: 0, Is64bit: 1, IsPro: 0

COMMAND LINE ARGUMENTS:
D:\Work\Unity\2020.3.20f1\Editor\Unity.exe
-adb2
-batchMode
-noUpm
-name
AssetImportWorker0
-projectPath
D:/Work/Projects/Unsettled
-logFile
Logs/AssetImportWorker0.log
-srvPort
52994
Successfully changed project path to: D:/Work/Projects/Unsettled
D:/Work/Projects/Unsettled
Using Asset Import Pipeline V2.
Refreshing native plugins compatible for Editor in 65.20 ms, found 2 plugins.
Preloading 0 native plugins for Editor in 0.00 ms.
Initialize engine version: 2020.3.20f1 (41c4e627c95f)
[Subsystems] Discovering subsystems at path D:/Work/Unity/2020.3.20f1/Editor/Data/Resources/UnitySubsystems
[Subsystems] Discovering subsystems at path D:/Work/Projects/Unsettled/Assets
GfxDevice: creating device client; threaded=0
Direct3D:
    Version:  Direct3D 11.0 [level 11.1]
    Renderer: NVIDIA GeForce GTX 1660 Ti (ID=0x2191)
    Vendor:   
    VRAM:     5991 MB
    Driver:   30.0.14.9709
Initialize mono
Mono path[0] = 'D:/Work/Unity/2020.3.20f1/Editor/Data/Managed'
Mono path[1] = 'D:/Work/Unity/2020.3.20f1/Editor/Data/MonoBleedingEdge/lib/mono/unityjit'
Mono config path = 'D:/Work/Unity/2020.3.20f1/Editor/Data/MonoBleedingEdge/etc'
Using monoOptions --debugger-agent=transport=dt_socket,embedding=1,server=y,suspend=n,address=127.0.0.1:56496
Begin MonoManager ReloadAssembly
Registering precompiled unity dll's ...
Register platform support module: D:/Work/Unity/2020.3.20f1/Editor/Data/PlaybackEngines/WebGLSupport/UnityEditor.WebGL.Extensions.dll
Register platform support module: D:/Work/Unity/2020.3.20f1/Editor/Data/PlaybackEngines/WindowsStandaloneSupport/UnityEditor.WindowsStandalone.Extensions.dll
Registered in 0.000981 seconds.
Native extension for WindowsStandalone target not found
Native extension for WebGL target not found
Refreshing native plugins compatible for Editor in 60.71 ms, found 2 plugins.
Preloading 0 native plugins for Editor in 0.00 ms.
Mono: successfully reloaded assembly
- Completed reload, in  1.812 seconds
Domain Reload Profiling:
	ReloadAssembly (1813ms)
		BeginReloadAssembly (47ms)
			ExecutionOrderSort (0ms)
			DisableScriptedObjects (0ms)
			BackupInstance (0ms)
			ReleaseScriptingObjects (0ms)
			CreateAndSetChildDomain (1ms)
		EndReloadAssembly (420ms)
			LoadAssemblies (47ms)
			RebuildTransferFunctionScriptingTraits (0ms)
			SetupTypeCache (140ms)
			ReleaseScriptCaches (0ms)
			RebuildScriptCaches (35ms)
			SetupLoadedEditorAssemblies (185ms)
				LogAssemblyErrors (0ms)
				InitializePlatformSupportModulesInManaged (4ms)
				SetLoadedEditorAssemblies (0ms)
				RefreshPlugins (61ms)
				BeforeProcessingInitializeOnLoad (15ms)
				ProcessInitializeOnLoadAttributes (78ms)
				ProcessInitializeOnLoadMethodAttributes (26ms)
				AfterProcessingInitializeOnLoad (0ms)
				EditorAssembliesLoaded (0ms)
			ExecutionOrderSort2 (0ms)
			AwakeInstancesAfterBackupRestoration (0ms)
Platform modules already initialized, skipping
Registering precompiled user dll's ...
Registered in 0.002748 seconds.
Begin MonoManager ReloadAssembly
Native extension for WindowsStandalone target not found
Native extension for WebGL target not found
Refreshing native plugins compatible for Editor in 59.66 ms, found 2 plugins.
Preloading 0 native plugins for Editor in 0.00 ms.
Mono: successfully reloaded assembly
- Completed reload, in  1.264 seconds
Domain Reload Profiling:
	ReloadAssembly (1265ms)
		BeginReloadAssembly (136ms)
			ExecutionOrderSort (0ms)
			DisableScriptedObjects (4ms)
			BackupInstance (0ms)
			ReleaseScriptingObjects (0ms)
			CreateAndSetChildDomain (17ms)
		EndReloadAssembly (1065ms)
			LoadAssemblies (85ms)
			RebuildTransferFunctionScriptingTraits (0ms)
			SetupTypeCache (313ms)
			ReleaseScriptCaches (1ms)
			RebuildScriptCaches (85ms)
			SetupLoadedEditorAssemblies (467ms)
				LogAssemblyErrors (0ms)
				InitializePlatformSupportModulesInManaged (5ms)
				SetLoadedEditorAssemblies (0ms)
				RefreshPlugins (60ms)
				BeforeProcessingInitializeOnLoad (106ms)
				ProcessInitializeOnLoadAttributes (233ms)
				ProcessInitializeOnLoadMethodAttributes (62ms)
				AfterProcessingInitializeOnLoad (2ms)
				EditorAssembliesLoaded (0ms)
			ExecutionOrderSort2 (0ms)
			AwakeInstancesAfterBackupRestoration (6ms)
Platform modules already initialized, skipping
========================================================================
Worker process is ready to serve import requests
Launched and connected shader compiler UnityShaderCompiler.exe after 0.08 seconds
Refreshing native plugins compatible for Editor in 0.93 ms, found 2 plugins.
Preloading 0 native plugins for Editor in 0.00 ms.
Unloading 3449 Unused Serialized files (Serialized files now loaded: 0)
System memory in use before: 151.2 MB.
System memory in use after: 151.4 MB.

Unloading 57 unused Assets to reduce memory usage. Loaded Objects now: 3887.
Total: 6.189900 ms (FindLiveObjects: 0.332800 ms CreateObjectMapping: 0.213500 ms MarkObjects: 5.525600 ms  DeleteObjects: 0.117100 ms)

AssetImportParameters requested are different than current active one (requested -> active):
  custom:framework-win-MediaFoundation: 216162199b28c13a410421893ffa2e32 -> 
  custom:video-decoder-ogg-theora: a1e56fd34408186e4bbccfd4996cb3dc -> 
  custom:container-muxer-webm: aa71ff27fc2769a1b78a27578f13a17b -> 
  custom:container-demuxer-webm: 4f35f7cbe854078d1ac9338744f61a02 -> 
  custom:container-demuxer-ogg: 62fdf1f143b41e24485cea50d1cbac27 -> 
  custom:video-encoder-webm-vp8: eb34c28f22e8b96e1ab97ce403110664 -> 
  custom:video-decoder-webm-vp8: 9c59270c3fd7afecdb556c50c9e8de78 -> 
  custom:audio-decoder-ogg-vorbis: bf7c407c2cedff20999df2af8eb42d56 -> 
  custom:audio-encoder-webm-vorbis: bf7c407c2cedff20999df2af8eb42d56 -> 
========================================================================
Received Import Request.
  path: Packages/com.unity.purchasing/Runtime/Stores/Android/SamsungApps/ISamsungAppsExtensions.cs
  artifactKey: Guid(345d487ad2f842bc830f2c47b07a4a0d) Importer(815301076,1909f56bfc062723c751e8b465ee728b)
Start importing Packages/com.unity.purchasing/Runtime/Stores/Android/SamsungApps/ISamsungAppsExtensions.cs using Guid(345d487ad2f842bc830f2c47b07a4a0d) Importer(815301076,1909f56bfc062723c751e8b465ee728b)  -> (artifact id: '316c39766ebc386ee992af97ffe2c060') in 0.030439 seconds 
  Import took 0.035507 seconds .

========================================================================
Received Import Request.
  Time since last request: 0.000305 seconds.
  path: Assets/TextMesh Pro/Shaders/TMP_SDF-Surface.shader
  artifactKey: Guid(f7ada0af4f174f0694ca6a487b8f543d) Importer(815301076,1909f56bfc062723c751e8b465ee728b)
Start importing Assets/TextMesh Pro/Shaders/TMP_SDF-Surface.shader using Guid(f7ada0af4f174f0694ca6a487b8f543d) Importer(815301076,1909f56bfc062723c751e8b465ee728b)  -> (artifact id: 'b22483038d743c62f3a9b2867f72bd89') in 0.015822 seconds 
  Import took 0.020806 seconds .

========================================================================
Received Import Request.
  Time since last request: 0.000284 seconds.
  path: Packages/com.unity.purchasing/Runtime/Stores/Android/SamsungApps/SamsungAppsJavaBridge.cs
  artifactKey: Guid(5b73a9a65afa46cc8d07c92c616429ed) Importer(815301076,1909f56bfc062723c751e8b465ee728b)
Start importing Packages/com.unity.purchasing/Runtime/Stores/Android/SamsungApps/SamsungAppsJavaBridge.cs using Guid(5b73a9a65afa46cc8d07c92c616429ed) Importer(815301076,1909f56bfc062723c751e8b465ee728b)  -> (artifact id: 'db01978146fb2edba1cb6a87dc758e5a') in 0.006553 seconds 
  Import took 0.011773 seconds .

========================================================================
Received Import Request.
  Time since last request: 0.000147 seconds.
  path: Packages/com.unity.purchasing/Plugins/UnityPurchasing/Android/SamsungApps.aar
  artifactKey: Guid(96d2cf26bed484e33bcc7cefc49c4611) Importer(815301076,1909f56bfc062723c751e8b465ee728b)
Start importing Packages/com.unity.purchasing/Plugins/UnityPurchasing/Android/SamsungApps.aar using Guid(96d2cf26bed484e33bcc7cefc49c4611) Importer(815301076,1909f56bfc062723c751e8b465ee728b)  -> (artifact id: '0f6ad789398c140c3865ff51164fa827') in 0.007836 seconds 
  Import took 0.013286 seconds .

========================================================================
Received Import Request.
  Time since last request: 0.000228 seconds.
  path: Packages/com.unity.purchasing/Runtime/Stores/Android/SamsungApps/ISamsungAppsConfiguration.cs
  artifactKey: Guid(6fa3a58a39e44a29a3686772b3524e37) Importer(815301076,1909f56bfc062723c751e8b465ee728b)
Start importing Packages/com.unity.purchasing/Runtime/Stores/Android/SamsungApps/ISamsungAppsConfiguration.cs using Guid(6fa3a58a39e44a29a3686772b3524e37) Importer(815301076,1909f56bfc062723c751e8b465ee728b)  -> (artifact id: 'cc1be29eb0bf6c884b056899861275ae') in 0.005067 seconds 
  Import took 0.012108 seconds .

========================================================================
Received Import Request.
  Time since last request: 0.000236 seconds.
  path: Assets/TextMesh Pro/Shaders/TMPro_Surface.cginc
  artifactKey: Guid(d930090c0cd643c7b55f19a38538c162) Importer(815301076,1909f56bfc062723c751e8b465ee728b)
Start importing Assets/TextMesh Pro/Shaders/TMPro_Surface.cginc using Guid(d930090c0cd643c7b55f19a38538c162) Importer(815301076,1909f56bfc062723c751e8b465ee728b)  -> (artifact id: '7a635ec737c90890fe650212c09c6b5b') in 0.006017 seconds 
  Import took 0.012725 seconds .

========================================================================
Received Import Request.
  Time since last request: 0.000248 seconds.
  path: Assets/Visual assets/Game objects/Slum Houses/Materials/wooden and metal support _DefaultMaterial_AlbedoTransparency.mat
  artifactKey: Guid(6684a11869d219c479410dd8f5e2dd47) Importer(815301076,1909f56bfc062723c751e8b465ee728b)
Start importing Assets/Visual assets/Game objects/Slum Houses/Materials/wooden and metal support _DefaultMaterial_AlbedoTransparency.mat using Guid(6684a11869d219c479410dd8f5e2dd47) Importer(815301076,1909f56bfc062723c751e8b465ee728b)  -> (artifact id: '419645a98391b9f44e40620265fac11f') in 0.119620 seconds 
  Import took 0.125745 seconds .

========================================================================
Received Import Request.
  Time since last request: 0.000276 seconds.
  path: Assets/Visual assets/Game objects/Slum Houses/Models/Support 6.fbx
  artifactKey: Guid(4040fa151e060474d947d7347c3171a1) Importer(815301076,1909f56bfc062723c751e8b465ee728b)
Start importing Assets/Visual assets/Game objects/Slum Houses/Models/Support 6.fbx using Guid(4040fa151e060474d947d7347c3171a1) Importer(815301076,1909f56bfc062723c751e8b465ee728b)  -> (artifact id: '202e3ba76462edf4bf27cd0f569ece7d') in 0.046832 seconds 
  Import took 0.051830 seconds .

========================================================================
Received Import Request.
  Time since last request: 0.000186 seconds.
  path: Assets/Visual assets/Game objects/Slum Houses/Models/Support 3.fbx
  artifactKey: Guid(91bd7a162421514488276a2256db0b93) Importer(815301076,1909f56bfc062723c751e8b465ee728b)
Start importing Assets/Visual assets/Game objects/Slum Houses/Models/Support 3.fbx using Guid(91bd7a162421514488276a2256db0b93) Importer(815301076,1909f56bfc062723c751e8b465ee728b)  -> (artifact id: 'b1940c8595aeff6e9cae30adb3f68e73') in 0.016647 seconds 
  Import took 0.022164 seconds .

========================================================================
Received Import Request.
  Time since last request: 0.000252 seconds.
  path: Packages/com.unity.purchasing/Runtime/Stores/Android/SamsungApps/SamsungAppsMode.cs
  artifactKey: Guid(8b3329987c96448ca95edbea1859b906) Importer(815301076,1909f56bfc062723c751e8b465ee728b)
Start importing Packages/com.unity.purchasing/Runtime/Stores/Android/SamsungApps/SamsungAppsMode.cs using Guid(8b3329987c96448ca95edbea1859b906) Importer(815301076,1909f56bfc062723c751e8b465ee728b)  -> (artifact id: '48a7f16a285ce6c71bf049e773baf474') in 0.004537 seconds 
  Import took 0.009708 seconds .

========================================================================
Received Import Request.
  Time since last request: 0.000196 seconds.
  path: Packages/com.unity.purchasing/Runtime/Stores/Android/SamsungApps/SamsungAppsStoreExtensions.cs
  artifactKey: Guid(3741c35549bb4777bd5ef5635cf9808f) Importer(815301076,1909f56bfc062723c751e8b465ee728b)
Start importing Packages/com.unity.purchasing/Runtime/Stores/Android/SamsungApps/SamsungAppsStoreExtensions.cs using Guid(3741c35549bb4777bd5ef5635cf9808f) Importer(815301076,1909f56bfc062723c751e8b465ee728b)  -> (artifact id: 'af7d84850e4768897eae88b42f73c21f') in 0.005106 seconds 
  Import took 0.010321 seconds .

========================================================================
Received Import Request.
  Time since last request: 0.000226 seconds.
  path: Assets/TextMesh Pro/Shaders/TMP_SDF-Surface-Mobile.shader
  artifactKey: Guid(85187c2149c549c5b33f0cdb02836b17) Importer(815301076,1909f56bfc062723c751e8b465ee728b)
Start importing Assets/TextMesh Pro/Shaders/TMP_SDF-Surface-Mobile.shader using Guid(85187c2149c549c5b33f0cdb02836b17) Importer(815301076,1909f56bfc062723c751e8b465ee728b)  -> (artifact id: 'e79062f8f67080a7f178669e18ba1330') in 0.005617 seconds 
  Import took 0.010724 seconds .

========================================================================
Received Import Request.
  Time since last request: 0.000254 seconds.
  path: Assets/Visual assets/Game objects/Slum Houses/Models/Support 1.fbx
  artifactKey: Guid(0066e0d153be272479d8c871d8674aae) Importer(815301076,1909f56bfc062723c751e8b465ee728b)
Start importing Assets/Visual assets/Game objects/Slum Houses/Models/Support 1.fbx using Guid(0066e0d153be272479d8c871d8674aae) Importer(815301076,1909f56bfc062723c751e8b465ee728b)  -> (artifact id: '868849de8070e9501d73aa943f4292e2') in 0.019210 seconds 
  Import took 0.025136 seconds .

========================================================================
Received Import Request.
  Time since last request: 0.000255 seconds.
  path: Assets/Visual assets/Game objects/Slum Houses/Prefab/Support 2.prefab
  artifactKey: Guid(f30295e044b9c714a800f5484850bac8) Importer(815301076,1909f56bfc062723c751e8b465ee728b)
Start importing Assets/Visual assets/Game objects/Slum Houses/Prefab/Support 2.prefab using Guid(f30295e044b9c714a800f5484850bac8) Importer(815301076,1909f56bfc062723c751e8b465ee728b)  -> (artifact id: '1424167703569fc01ffdacbfb6bd05b9') in 0.021566 seconds 
  Import took 0.027070 seconds .

========================================================================
Received Import Request.
  Time since last request: 0.000232 seconds.
  path: Assets/Visual assets/Game objects/Slum Houses/Prefab/Support 1.prefab
  artifactKey: Guid(42928a1f152c7434d97aa30e355a53ac) Importer(815301076,1909f56bfc062723c751e8b465ee728b)
Start importing Assets/Visual assets/Game objects/Slum Houses/Prefab/Support 1.prefab using Guid(42928a1f152c7434d97aa30e355a53ac) Importer(815301076,1909f56bfc062723c751e8b465ee728b)  -> (artifact id: 'f441839d8e18169da0c4996037b60dff') in 0.027285 seconds 
  Import took 0.033115 seconds .

========================================================================
Received Import Request.
  Time since last request: 0.000227 seconds.
  path: Packages/com.unity.ads/Plugins/iOS/UnityAdsUnityWrapper.m
  artifactKey: Guid(109b02861909a4f7bb209667635eb0a2) Importer(815301076,1909f56bfc062723c751e8b465ee728b)
Start importing Packages/com.unity.ads/Plugins/iOS/UnityAdsUnityWrapper.m using Guid(109b02861909a4f7bb209667635eb0a2) Importer(815301076,1909f56bfc062723c751e8b465ee728b)  -> (artifact id: '4d8fa5b78b8e8cc4fc58ffa0467f7557') in 0.006563 seconds 
  Import took 0.011957 seconds .

========================================================================
Received Import Request.
  Time since last request: 0.000222 seconds.
  path: Packages/com.unity.purchasing/Runtime/Stores/Android/SamsungApps/ISamsungAppsCallback.cs
  artifactKey: Guid(717e35ee46e1468caecb2976db376baa) Importer(815301076,1909f56bfc062723c751e8b465ee728b)
Start importing Packages/com.unity.purchasing/Runtime/Stores/Android/SamsungApps/ISamsungAppsCallback.cs using Guid(717e35ee46e1468caecb2976db376baa) Importer(815301076,1909f56bfc062723c751e8b465ee728b)  -> (artifact id: '22f304b4ff3961ec153e195597451390') in 0.004655 seconds 
  Import took 0.009878 seconds .

========================================================================
Received Import Request.
  Time since last request: 0.000266 seconds.
  path: Assets/Visual assets/Game objects/Slum Houses/Models/Support 2.fbx
  artifactKey: Guid(fff3fe0333bcef84c91cca1f04556744) Importer(815301076,1909f56bfc062723c751e8b465ee728b)
Start importing Assets/Visual assets/Game objects/Slum Houses/Models/Support 2.fbx using Guid(fff3fe0333bcef84c91cca1f04556744) Importer(815301076,1909f56bfc062723c751e8b465ee728b)  -> (artifact id: '7e5d173bef07d9ffd6a34e2cee577ff5') in 0.014772 seconds 
  Import took 0.019692 seconds .

========================================================================
Received Import Request.
  Time since last request: 0.000230 seconds.
  path: Assets/Visual assets/Game objects/Slum Houses/Models/Support 4.fbx
  artifactKey: Guid(0ab981d102293a541a09a11d9577d83d) Importer(815301076,1909f56bfc062723c751e8b465ee728b)
Start importing Assets/Visual assets/Game objects/Slum Houses/Models/Support 4.fbx using Guid(0ab981d102293a541a09a11d9577d83d) Importer(815301076,1909f56bfc062723c751e8b465ee728b)  -> (artifact id: '2c6492050ccd05a5cb533c20bbd243e3') in 0.029479 seconds 
  Import took 0.035643 seconds .

========================================================================
Received Import Request.
  Time since last request: 0.000196 seconds.
  path: Packages/com.unity.purchasing/Runtime/Stores/Android/SamsungApps/SamsungApps.cs
  artifactKey: Guid(21417fae5a3d4e8aa9802d94f9754531) Importer(815301076,1909f56bfc062723c751e8b465ee728b)
Start importing Packages/com.unity.purchasing/Runtime/Stores/Android/SamsungApps/SamsungApps.cs using Guid(21417fae5a3d4e8aa9802d94f9754531) Importer(815301076,1909f56bfc062723c751e8b465ee728b)  -> (artifact id: 'c68abb876f381b00d47b81c1eb7ae215') in 0.001242 seconds 
  Import took 0.006065 seconds .

========================================================================
Received Import Request.
  Time since last request: 0.000233 seconds.
  path: Packages/com.unity.purchasing/Runtime/Stores/Android/SamsungApps/FakeSamsungAppsExtensions.cs
  artifactKey: Guid(9ca3fab745074c8996b5762e5efddd97) Importer(815301076,1909f56bfc062723c751e8b465ee728b)
Start importing Packages/com.unity.purchasing/Runtime/Stores/Android/SamsungApps/FakeSamsungAppsExtensions.cs using Guid(9ca3fab745074c8996b5762e5efddd97) Importer(815301076,1909f56bfc062723c751e8b465ee728b)  -> (artifact id: 'ca05eb8e8f8197fc20c508cc0a4cac60') in 0.004711 seconds 
  Import took 0.009540 seconds .

========================================================================
Received Import Request.
  Time since last request: 0.000215 seconds.
  path: Assets/Visual assets/Game objects/Slum Houses/Models/Support 5.fbx
  artifactKey: Guid(c26d45bff4be289478d179a54fec0f1e) Importer(815301076,1909f56bfc062723c751e8b465ee728b)
Start importing Assets/Visual assets/Game objects/Slum Houses/Models/Support 5.fbx using Guid(c26d45bff4be289478d179a54fec0f1e) Importer(815301076,1909f56bfc062723c751e8b465ee728b)  -> (artifact id: 'e91473eac876960b6326ffd0b520b4ef') in 0.032137 seconds 
  Import took 0.037013 seconds .

========================================================================
Received Import Request.
  Time since last request: 0.000229 seconds.
  path: Packages/com.unity.purchasing/Runtime/Stores/Android/SamsungApps
  artifactKey: Guid(a888931c0b9f4ee68b9168e7ced4eca6) Importer(815301076,1909f56bfc062723c751e8b465ee728b)
Start importing Packages/com.unity.purchasing/Runtime/Stores/Android/SamsungApps using Guid(a888931c0b9f4ee68b9168e7ced4eca6) Importer(815301076,1909f56bfc062723c751e8b465ee728b)  -> (artifact id: 'e29cd3c8377b1c023eabf92f696c0ade') in 0.001404 seconds 
  Import took 0.006497 seconds .

========================================================================
Received Prepare
Registering precompiled user dll's ...
Registered in 0.002899 seconds.
Begin MonoManager ReloadAssembly
Native extension for WindowsStandalone target not found
Native extension for WebGL target not found
Refreshing native plugins compatible for Editor in 1.03 ms, found 2 plugins.
Preloading 0 native plugins for Editor in 0.00 ms.
Mono: successfully reloaded assembly
- Completed reload, in  1.121 seconds
Domain Reload Profiling:
	ReloadAssembly (1121ms)
		BeginReloadAssembly (119ms)
			ExecutionOrderSort (0ms)
			DisableScriptedObjects (5ms)
			BackupInstance (0ms)
			ReleaseScriptingObjects (0ms)
			CreateAndSetChildDomain (38ms)
		EndReloadAssembly (950ms)
			LoadAssemblies (86ms)
			RebuildTransferFunctionScriptingTraits (0ms)
			SetupTypeCache (308ms)
			ReleaseScriptCaches (1ms)
			RebuildScriptCaches (74ms)
			SetupLoadedEditorAssemblies (391ms)
				LogAssemblyErrors (0ms)
				InitializePlatformSupportModulesInManaged (6ms)
				SetLoadedEditorAssemblies (0ms)
				RefreshPlugins (1ms)
				BeforeProcessingInitializeOnLoad (97ms)
				ProcessInitializeOnLoadAttributes (231ms)
				ProcessInitializeOnLoadMethodAttributes (55ms)
				AfterProcessingInitializeOnLoad (2ms)
				EditorAssembliesLoaded (0ms)
			ExecutionOrderSort2 (0ms)
			AwakeInstancesAfterBackupRestoration (6ms)
Platform modules already initialized, skipping
Refreshing native plugins compatible for Editor in 0.89 ms, found 2 plugins.
Preloading 0 native plugins for Editor in 0.00 ms.
Unloading 3418 Unused Serialized files (Serialized files now loaded: 0)
System memory in use before: 152.4 MB.
System memory in use after: 152.7 MB.

Unloading 49 unused Assets to reduce memory usage. Loaded Objects now: 3932.
Total: 6.625800 ms (FindLiveObjects: 0.313000 ms CreateObjectMapping: 0.159900 ms MarkObjects: 6.118000 ms  DeleteObjects: 0.033400 ms)

AssetImportParameters requested are different than current active one (requested -> active):
  custom:framework-win-MediaFoundation: 216162199b28c13a410421893ffa2e32 -> 
  custom:video-decoder-ogg-theora: a1e56fd34408186e4bbccfd4996cb3dc -> 
  custom:container-muxer-webm: aa71ff27fc2769a1b78a27578f13a17b -> 
  custom:container-demuxer-webm: 4f35f7cbe854078d1ac9338744f61a02 -> 
  custom:container-demuxer-ogg: 62fdf1f143b41e24485cea50d1cbac27 -> 
  custom:video-encoder-webm-vp8: eb34c28f22e8b96e1ab97ce403110664 -> 
  custom:video-decoder-webm-vp8: 9c59270c3fd7afecdb556c50c9e8de78 -> 
  custom:audio-decoder-ogg-vorbis: bf7c407c2cedff20999df2af8eb42d56 -> 
  custom:audio-encoder-webm-vorbis: bf7c407c2cedff20999df2af8eb42d56 -> 
========================================================================
Received Import Request.
  Time since last request: 680.039071 seconds.
  path: Assets/Visual assets/Game objects/Monster/Ch25_nonPBR@Walking.fbx
  artifactKey: Guid(88ad16c833645d240b9042508d6d9b2a) Importer(815301076,1909f56bfc062723c751e8b465ee728b)
Start importing Assets/Visual assets/Game objects/Monster/Ch25_nonPBR@Walking.fbx using Guid(88ad16c833645d240b9042508d6d9b2a) Importer(815301076,1909f56bfc062723c751e8b465ee728b)  -> (artifact id: '0526de207144f6c71e95e41bfed4fbe5') in 0.110955 seconds 
  Import took 0.116521 seconds .

========================================================================
Received Prepare
Registering precompiled user dll's ...
Registered in 0.002870 seconds.
Begin MonoManager ReloadAssembly
Native extension for WindowsStandalone target not found
Native extension for WebGL target not found
Refreshing native plugins compatible for Editor in 0.81 ms, found 2 plugins.
Preloading 0 native plugins for Editor in 0.00 ms.
Mono: successfully reloaded assembly
- Completed reload, in  1.108 seconds
Domain Reload Profiling:
	ReloadAssembly (1109ms)
		BeginReloadAssembly (100ms)
			ExecutionOrderSort (0ms)
			DisableScriptedObjects (6ms)
			BackupInstance (0ms)
			ReleaseScriptingObjects (0ms)
			CreateAndSetChildDomain (36ms)
		EndReloadAssembly (955ms)
			LoadAssemblies (80ms)
			RebuildTransferFunctionScriptingTraits (0ms)
			SetupTypeCache (304ms)
			ReleaseScriptCaches (1ms)
			RebuildScriptCaches (78ms)
			SetupLoadedEditorAssemblies (388ms)
				LogAssemblyErrors (0ms)
				InitializePlatformSupportModulesInManaged (6ms)
				SetLoadedEditorAssemblies (0ms)
				RefreshPlugins (1ms)
				BeforeProcessingInitializeOnLoad (97ms)
				ProcessInitializeOnLoadAttributes (221ms)
				ProcessInitializeOnLoadMethodAttributes (60ms)
				AfterProcessingInitializeOnLoad (2ms)
				EditorAssembliesLoaded (0ms)
			ExecutionOrderSort2 (0ms)
			AwakeInstancesAfterBackupRestoration (8ms)
Platform modules already initialized, skipping
Refreshing native plugins compatible for Editor in 1.31 ms, found 2 plugins.
Preloading 0 native plugins for Editor in 0.00 ms.
Unloading 3418 Unused Serialized files (Serialized files now loaded: 0)
System memory in use before: 166.1 MB.
System memory in use after: 166.3 MB.

Unloading 48 unused Assets to reduce memory usage. Loaded Objects now: 3936.
Total: 5.840200 ms (FindLiveObjects: 0.329600 ms CreateObjectMapping: 0.177400 ms MarkObjects: 5.309000 ms  DeleteObjects: 0.023400 ms)

AssetImportParameters requested are different than current active one (requested -> active):
  custom:framework-win-MediaFoundation: 216162199b28c13a410421893ffa2e32 -> 
  custom:video-decoder-ogg-theora: a1e56fd34408186e4bbccfd4996cb3dc -> 
  custom:container-muxer-webm: aa71ff27fc2769a1b78a27578f13a17b -> 
  custom:container-demuxer-webm: 4f35f7cbe854078d1ac9338744f61a02 -> 
  custom:container-demuxer-ogg: 62fdf1f143b41e24485cea50d1cbac27 -> 
  custom:video-encoder-webm-vp8: eb34c28f22e8b96e1ab97ce403110664 -> 
  custom:video-decoder-webm-vp8: 9c59270c3fd7afecdb556c50c9e8de78 -> 
  custom:audio-decoder-ogg-vorbis: bf7c407c2cedff20999df2af8eb42d56 -> 
  custom:audio-encoder-webm-vorbis: bf7c407c2cedff20999df2af8eb42d56 -> 
========================================================================
Received Prepare
Registering precompiled user dll's ...
Registered in 0.002734 seconds.
Begin MonoManager ReloadAssembly
Native extension for WindowsStandalone target not found
Native extension for WebGL target not found
Refreshing native plugins compatible for Editor in 0.83 ms, found 2 plugins.
Preloading 0 native plugins for Editor in 0.00 ms.
Mono: successfully reloaded assembly
- Completed reload, in  1.112 seconds
Domain Reload Profiling:
	ReloadAssembly (1113ms)
		BeginReloadAssembly (108ms)
			ExecutionOrderSort (0ms)
			DisableScriptedObjects (6ms)
			BackupInstance (0ms)
			ReleaseScriptingObjects (0ms)
			CreateAndSetChildDomain (36ms)
		EndReloadAssembly (950ms)
			LoadAssemblies (83ms)
			RebuildTransferFunctionScriptingTraits (0ms)
			SetupTypeCache (296ms)
			ReleaseScriptCaches (2ms)
			RebuildScriptCaches (84ms)
			SetupLoadedEditorAssemblies (388ms)
				LogAssemblyErrors (0ms)
				InitializePlatformSupportModulesInManaged (6ms)
				SetLoadedEditorAssemblies (0ms)
				RefreshPlugins (1ms)
				BeforeProcessingInitializeOnLoad (100ms)
				ProcessInitializeOnLoadAttributes (222ms)
				ProcessInitializeOnLoadMethodAttributes (56ms)
				AfterProcessingInitializeOnLoad (2ms)
				EditorAssembliesLoaded (0ms)
			ExecutionOrderSort2 (0ms)
			AwakeInstancesAfterBackupRestoration (7ms)
Platform modules already initialized, skipping
Refreshing native plugins compatible for Editor in 0.88 ms, found 2 plugins.
Preloading 0 native plugins for Editor in 0.00 ms.
Unloading 3418 Unused Serialized files (Serialized files now loaded: 0)
System memory in use before: 166.1 MB.
System memory in use after: 166.4 MB.

Unloading 48 unused Assets to reduce memory usage. Loaded Objects now: 3938.
Total: 6.944100 ms (FindLiveObjects: 0.310100 ms CreateObjectMapping: 0.134900 ms MarkObjects: 6.464100 ms  DeleteObjects: 0.034000 ms)

AssetImportParameters requested are different than current active one (requested -> active):
  custom:framework-win-MediaFoundation: 216162199b28c13a410421893ffa2e32 -> 
  custom:video-decoder-ogg-theora: a1e56fd34408186e4bbccfd4996cb3dc -> 
  custom:container-muxer-webm: aa71ff27fc2769a1b78a27578f13a17b -> 
  custom:container-demuxer-webm: 4f35f7cbe854078d1ac9338744f61a02 -> 
  custom:container-demuxer-ogg: 62fdf1f143b41e24485cea50d1cbac27 -> 
  custom:video-encoder-webm-vp8: eb34c28f22e8b96e1ab97ce403110664 -> 
  custom:video-decoder-webm-vp8: 9c59270c3fd7afecdb556c50c9e8de78 -> 
  custom:audio-decoder-ogg-vorbis: bf7c407c2cedff20999df2af8eb42d56 -> 
  custom:audio-encoder-webm-vorbis: bf7c407c2cedff20999df2af8eb42d56 -> 
========================================================================
Received Import Request.
  Time since last request: 67.891751 seconds.
  path: Assets/Visual assets/Game objects/Monster/Ch25_nonPBR@Walking.fbx
  artifactKey: Guid(88ad16c833645d240b9042508d6d9b2a) Importer(815301076,1909f56bfc062723c751e8b465ee728b)
Start importing Assets/Visual assets/Game objects/Monster/Ch25_nonPBR@Walking.fbx using Guid(88ad16c833645d240b9042508d6d9b2a) Importer(815301076,1909f56bfc062723c751e8b465ee728b)  -> (artifact id: '939323a7684431e529f969934ff8d90c') in 0.121148 seconds 
  Import took 0.127207 seconds .

========================================================================
Received Import Request.
  Time since last request: 11.570742 seconds.
  path: Assets/Visual assets/Game objects/Monster/Ch25_nonPBR@Walking.fbx
  artifactKey: Guid(88ad16c833645d240b9042508d6d9b2a) Importer(815301076,1909f56bfc062723c751e8b465ee728b)
Start importing Assets/Visual assets/Game objects/Monster/Ch25_nonPBR@Walking.fbx using Guid(88ad16c833645d240b9042508d6d9b2a) Importer(815301076,1909f56bfc062723c751e8b465ee728b)  -> (artifact id: 'd5071ca65e1c74cc7139c1ab170c802d') in 0.041125 seconds 
  Import took 0.046890 seconds .

========================================================================
Received Import Request.
  Time since last request: 4.449503 seconds.
  path: Assets/Visual assets/Game objects/Monster/Ch25_nonPBR@Walking.fbx
  artifactKey: Guid(88ad16c833645d240b9042508d6d9b2a) Importer(815301076,1909f56bfc062723c751e8b465ee728b)
Start importing Assets/Visual assets/Game objects/Monster/Ch25_nonPBR@Walking.fbx using Guid(88ad16c833645d240b9042508d6d9b2a) Importer(815301076,1909f56bfc062723c751e8b465ee728b)  -> (artifact id: '9e7ab5f0aa745d7e855f03edc47f2ff7') in 0.038707 seconds 
  Import took 0.044239 seconds .

========================================================================
Received Prepare
Registering precompiled user dll's ...
Registered in 0.002745 seconds.
Begin MonoManager ReloadAssembly
Native extension for WindowsStandalone target not found
Native extension for WebGL target not found
Refreshing native plugins compatible for Editor in 0.83 ms, found 2 plugins.
Preloading 0 native plugins for Editor in 0.00 ms.
Mono: successfully reloaded assembly
- Completed reload, in  1.121 seconds
Domain Reload Profiling:
	ReloadAssembly (1121ms)
		BeginReloadAssembly (112ms)
			ExecutionOrderSort (0ms)
			DisableScriptedObjects (6ms)
			BackupInstance (0ms)
			ReleaseScriptingObjects (0ms)
			CreateAndSetChildDomain (38ms)
		EndReloadAssembly (956ms)
			LoadAssemblies (82ms)
			RebuildTransferFunctionScriptingTraits (0ms)
			SetupTypeCache (313ms)
			ReleaseScriptCaches (1ms)
			RebuildScriptCaches (75ms)
			SetupLoadedEditorAssemblies (392ms)
				LogAssemblyErrors (0ms)
				InitializePlatformSupportModulesInManaged (6ms)
				SetLoadedEditorAssemblies (0ms)
				RefreshPlugins (1ms)
				BeforeProcessingInitializeOnLoad (101ms)
				ProcessInitializeOnLoadAttributes (226ms)
				ProcessInitializeOnLoadMethodAttributes (55ms)
				AfterProcessingInitializeOnLoad (2ms)
				EditorAssembliesLoaded (0ms)
			ExecutionOrderSort2 (0ms)
			AwakeInstancesAfterBackupRestoration (7ms)
Platform modules already initialized, skipping
Refreshing native plugins compatible for Editor in 1.36 ms, found 2 plugins.
Preloading 0 native plugins for Editor in 0.00 ms.
Unloading 3418 Unused Serialized files (Serialized files now loaded: 0)
System memory in use before: 166.2 MB.
System memory in use after: 166.4 MB.

Unloading 48 unused Assets to reduce memory usage. Loaded Objects now: 3941.
Total: 6.420700 ms (FindLiveObjects: 0.306200 ms CreateObjectMapping: 0.136700 ms MarkObjects: 5.951000 ms  DeleteObjects: 0.025700 ms)

AssetImportParameters requested are different than current active one (requested -> active):
  custom:framework-win-MediaFoundation: 216162199b28c13a410421893ffa2e32 -> 
  custom:video-decoder-ogg-theora: a1e56fd34408186e4bbccfd4996cb3dc -> 
  custom:container-muxer-webm: aa71ff27fc2769a1b78a27578f13a17b -> 
  custom:container-demuxer-webm: 4f35f7cbe854078d1ac9338744f61a02 -> 
  custom:container-demuxer-ogg: 62fdf1f143b41e24485cea50d1cbac27 -> 
  custom:video-encoder-webm-vp8: eb34c28f22e8b96e1ab97ce403110664 -> 
  custom:video-decoder-webm-vp8: 9c59270c3fd7afecdb556c50c9e8de78 -> 
  custom:audio-decoder-ogg-vorbis: bf7c407c2cedff20999df2af8eb42d56 -> 
  custom:audio-encoder-webm-vorbis: bf7c407c2cedff20999df2af8eb42d56 -> 
========================================================================
Received Import Request.
  Time since last request: 267.127371 seconds.
  path: Assets/Visual assets/Game objects/Monster/Ch25_nonPBR@Walking.fbx
  artifactKey: Guid(88ad16c833645d240b9042508d6d9b2a) Importer(815301076,1909f56bfc062723c751e8b465ee728b)
Start importing Assets/Visual assets/Game objects/Monster/Ch25_nonPBR@Walking.fbx using Guid(88ad16c833645d240b9042508d6d9b2a) Importer(815301076,1909f56bfc062723c751e8b465ee728b)  -> (artifact id: 'c55e24a4d008c4ef11f2eeb4271794c1') in 0.097533 seconds 
  Import took 0.103222 seconds .

========================================================================
Received Prepare
Registering precompiled user dll's ...
Registered in 0.003015 seconds.
Begin MonoManager ReloadAssembly
Native extension for WindowsStandalone target not found
Native extension for WebGL target not found
Refreshing native plugins compatible for Editor in 0.81 ms, found 2 plugins.
Preloading 0 native plugins for Editor in 0.00 ms.
Mono: successfully reloaded assembly
- Completed reload, in  1.109 seconds
Domain Reload Profiling:
	ReloadAssembly (1109ms)
		BeginReloadAssembly (103ms)
			ExecutionOrderSort (0ms)
			DisableScriptedObjects (6ms)
			BackupInstance (0ms)
			ReleaseScriptingObjects (0ms)
			CreateAndSetChildDomain (37ms)
		EndReloadAssembly (952ms)
			LoadAssemblies (82ms)
			RebuildTransferFunctionScriptingTraits (0ms)
			SetupTypeCache (310ms)
			ReleaseScriptCaches (2ms)
			RebuildScriptCaches (78ms)
			SetupLoadedEditorAssemblies (386ms)
				LogAssemblyErrors (0ms)
				InitializePlatformSupportModulesInManaged (5ms)
				SetLoadedEditorAssemblies (0ms)
				RefreshPlugins (1ms)
				BeforeProcessingInitializeOnLoad (97ms)
				ProcessInitializeOnLoadAttributes (226ms)
				ProcessInitializeOnLoadMethodAttributes (55ms)
				AfterProcessingInitializeOnLoad (2ms)
				EditorAssembliesLoaded (0ms)
			ExecutionOrderSort2 (0ms)
			AwakeInstancesAfterBackupRestoration (6ms)
Platform modules already initialized, skipping
Refreshing native plugins compatible for Editor in 0.82 ms, found 2 plugins.
Preloading 0 native plugins for Editor in 0.00 ms.
Unloading 3418 Unused Serialized files (Serialized files now loaded: 0)
System memory in use before: 166.2 MB.
System memory in use after: 166.4 MB.

Unloading 48 unused Assets to reduce memory usage. Loaded Objects now: 3944.
Total: 6.792100 ms (FindLiveObjects: 0.351500 ms CreateObjectMapping: 0.198100 ms MarkObjects: 6.214200 ms  DeleteObjects: 0.027100 ms)

AssetImportParameters requested are different than current active one (requested -> active):
  custom:framework-win-MediaFoundation: 216162199b28c13a410421893ffa2e32 -> 
  custom:video-decoder-ogg-theora: a1e56fd34408186e4bbccfd4996cb3dc -> 
  custom:container-muxer-webm: aa71ff27fc2769a1b78a27578f13a17b -> 
  custom:container-demuxer-webm: 4f35f7cbe854078d1ac9338744f61a02 -> 
  custom:container-demuxer-ogg: 62fdf1f143b41e24485cea50d1cbac27 -> 
  custom:video-encoder-webm-vp8: eb34c28f22e8b96e1ab97ce403110664 -> 
  custom:video-decoder-webm-vp8: 9c59270c3fd7afecdb556c50c9e8de78 -> 
  custom:audio-decoder-ogg-vorbis: bf7c407c2cedff20999df2af8eb42d56 -> 
  custom:audio-encoder-webm-vorbis: bf7c407c2cedff20999df2af8eb42d56 -> 
========================================================================
Received Import Request.
  Time since last request: 139.285377 seconds.
  path: Assets/Visual assets/Game objects/Monster/Ch25_nonPBR@Walking.fbx
  artifactKey: Guid(88ad16c833645d240b9042508d6d9b2a) Importer(815301076,1909f56bfc062723c751e8b465ee728b)
Start importing Assets/Visual assets/Game objects/Monster/Ch25_nonPBR@Walking.fbx using Guid(88ad16c833645d240b9042508d6d9b2a) Importer(815301076,1909f56bfc062723c751e8b465ee728b)  -> (artifact id: '6bb9641140fe511f5354cc7e1637d313') in 0.101246 seconds 
  Import took 0.106797 seconds .

========================================================================
Received Prepare
Registering precompiled user dll's ...
Registered in 0.002796 seconds.
Begin MonoManager ReloadAssembly
Native extension for WindowsStandalone target not found
Native extension for WebGL target not found
Refreshing native plugins compatible for Editor in 0.82 ms, found 2 plugins.
Preloading 0 native plugins for Editor in 0.00 ms.
Mono: successfully reloaded assembly
- Completed reload, in  1.143 seconds
Domain Reload Profiling:
	ReloadAssembly (1143ms)
		BeginReloadAssembly (122ms)
			ExecutionOrderSort (0ms)
			DisableScriptedObjects (6ms)
			BackupInstance (0ms)
			ReleaseScriptingObjects (0ms)
			CreateAndSetChildDomain (43ms)
		EndReloadAssembly (968ms)
			LoadAssemblies (87ms)
			RebuildTransferFunctionScriptingTraits (0ms)
			SetupTypeCache (301ms)
			ReleaseScriptCaches (2ms)
			RebuildScriptCaches (78ms)
			SetupLoadedEditorAssemblies (392ms)
				LogAssemblyErrors (0ms)
				InitializePlatformSupportModulesInManaged (6ms)
				SetLoadedEditorAssemblies (0ms)
				RefreshPlugins (1ms)
				BeforeProcessingInitializeOnLoad (103ms)
				ProcessInitializeOnLoadAttributes (225ms)
				ProcessInitializeOnLoadMethodAttributes (55ms)
				AfterProcessingInitializeOnLoad (2ms)
				EditorAssembliesLoaded (0ms)
			ExecutionOrderSort2 (0ms)
			AwakeInstancesAfterBackupRestoration (6ms)
Platform modules already initialized, skipping
Refreshing native plugins compatible for Editor in 0.82 ms, found 2 plugins.
Preloading 0 native plugins for Editor in 0.00 ms.
Unloading 3418 Unused Serialized files (Serialized files now loaded: 0)
System memory in use before: 166.2 MB.
System memory in use after: 166.4 MB.

Unloading 48 unused Assets to reduce memory usage. Loaded Objects now: 3947.
Total: 6.397000 ms (FindLiveObjects: 0.306400 ms CreateObjectMapping: 0.134400 ms MarkObjects: 5.928700 ms  DeleteObjects: 0.026300 ms)

AssetImportParameters requested are different than current active one (requested -> active):
  custom:framework-win-MediaFoundation: 216162199b28c13a410421893ffa2e32 -> 
  custom:video-decoder-ogg-theora: a1e56fd34408186e4bbccfd4996cb3dc -> 
  custom:container-muxer-webm: aa71ff27fc2769a1b78a27578f13a17b -> 
  custom:container-demuxer-webm: 4f35f7cbe854078d1ac9338744f61a02 -> 
  custom:container-demuxer-ogg: 62fdf1f143b41e24485cea50d1cbac27 -> 
  custom:video-encoder-webm-vp8: eb34c28f22e8b96e1ab97ce403110664 -> 
  custom:video-decoder-webm-vp8: 9c59270c3fd7afecdb556c50c9e8de78 -> 
  custom:audio-decoder-ogg-vorbis: bf7c407c2cedff20999df2af8eb42d56 -> 
  custom:audio-encoder-webm-vorbis: bf7c407c2cedff20999df2af8eb42d56 -> 
========================================================================
Received Import Request.
  Time since last request: 24.707182 seconds.
  path: Assets/Visual assets/Game objects/Monster/Ch25_nonPBR@Walking.fbx
  artifactKey: Guid(88ad16c833645d240b9042508d6d9b2a) Importer(815301076,1909f56bfc062723c751e8b465ee728b)
Start importing Assets/Visual assets/Game objects/Monster/Ch25_nonPBR@Walking.fbx using Guid(88ad16c833645d240b9042508d6d9b2a) Importer(815301076,1909f56bfc062723c751e8b465ee728b)  -> (artifact id: '89752360903e4283c2aecda2914e8968') in 0.090215 seconds 
  Import took 0.100812 seconds .

========================================================================
Received Prepare
Registering precompiled user dll's ...
Registered in 0.003065 seconds.
Begin MonoManager ReloadAssembly
Native extension for WindowsStandalone target not found
Native extension for WebGL target not found
Refreshing native plugins compatible for Editor in 0.95 ms, found 2 plugins.
Preloading 0 native plugins for Editor in 0.00 ms.
Mono: successfully reloaded assembly
- Completed reload, in  1.155 seconds
Domain Reload Profiling:
	ReloadAssembly (1156ms)
		BeginReloadAssembly (108ms)
			ExecutionOrderSort (0ms)
			DisableScriptedObjects (6ms)
			BackupInstance (0ms)
			ReleaseScriptingObjects (0ms)
			CreateAndSetChildDomain (38ms)
		EndReloadAssembly (993ms)
			LoadAssemblies (84ms)
			RebuildTransferFunctionScriptingTraits (0ms)
			SetupTypeCache (302ms)
			ReleaseScriptCaches (1ms)
			RebuildScriptCaches (78ms)
			SetupLoadedEditorAssemblies (433ms)
				LogAssemblyErrors (0ms)
				InitializePlatformSupportModulesInManaged (6ms)
				SetLoadedEditorAssemblies (0ms)
				RefreshPlugins (1ms)
				BeforeProcessingInitializeOnLoad (103ms)
				ProcessInitializeOnLoadAttributes (254ms)
				ProcessInitializeOnLoadMethodAttributes (66ms)
				AfterProcessingInitializeOnLoad (2ms)
				EditorAssembliesLoaded (0ms)
			ExecutionOrderSort2 (0ms)
			AwakeInstancesAfterBackupRestoration (7ms)
Platform modules already initialized, skipping
Refreshing native plugins compatible for Editor in 0.88 ms, found 2 plugins.
Preloading 0 native plugins for Editor in 0.00 ms.
Unloading 3418 Unused Serialized files (Serialized files now loaded: 0)
System memory in use before: 166.2 MB.
System memory in use after: 166.5 MB.

Unloading 48 unused Assets to reduce memory usage. Loaded Objects now: 3950.
Total: 6.379300 ms (FindLiveObjects: 0.304400 ms CreateObjectMapping: 0.161400 ms MarkObjects: 5.887100 ms  DeleteObjects: 0.025200 ms)

AssetImportParameters requested are different than current active one (requested -> active):
  custom:framework-win-MediaFoundation: 216162199b28c13a410421893ffa2e32 -> 
  custom:video-decoder-ogg-theora: a1e56fd34408186e4bbccfd4996cb3dc -> 
  custom:container-muxer-webm: aa71ff27fc2769a1b78a27578f13a17b -> 
  custom:container-demuxer-webm: 4f35f7cbe854078d1ac9338744f61a02 -> 
  custom:container-demuxer-ogg: 62fdf1f143b41e24485cea50d1cbac27 -> 
  custom:video-encoder-webm-vp8: eb34c28f22e8b96e1ab97ce403110664 -> 
  custom:video-decoder-webm-vp8: 9c59270c3fd7afecdb556c50c9e8de78 -> 
  custom:audio-decoder-ogg-vorbis: bf7c407c2cedff20999df2af8eb42d56 -> 
  custom:audio-encoder-webm-vorbis: bf7c407c2cedff20999df2af8eb42d56 -> 
========================================================================
Received Import Request.
  Time since last request: 27.099734 seconds.
  path: Assets/Visual assets/Game objects/Monster/Ch25_nonPBR@Walking.fbx
  artifactKey: Guid(88ad16c833645d240b9042508d6d9b2a) Importer(815301076,1909f56bfc062723c751e8b465ee728b)
Start importing Assets/Visual assets/Game objects/Monster/Ch25_nonPBR@Walking.fbx using Guid(88ad16c833645d240b9042508d6d9b2a) Importer(815301076,1909f56bfc062723c751e8b465ee728b)  -> (artifact id: '09c9652ca0950573a4d9f09b99910787') in 0.100109 seconds 
  Import took 0.111169 seconds .

========================================================================
Received Prepare
Registering precompiled user dll's ...
Registered in 0.002838 seconds.
Begin MonoManager ReloadAssembly
Native extension for WindowsStandalone target not found
Native extension for WebGL target not found
Refreshing native plugins compatible for Editor in 0.84 ms, found 2 plugins.
Preloading 0 native plugins for Editor in 0.00 ms.
Mono: successfully reloaded assembly
- Completed reload, in  1.087 seconds
Domain Reload Profiling:
	ReloadAssembly (1088ms)
		BeginReloadAssembly (103ms)
			ExecutionOrderSort (0ms)
			DisableScriptedObjects (6ms)
			BackupInstance (0ms)
			ReleaseScriptingObjects (0ms)
			CreateAndSetChildDomain (35ms)
		EndReloadAssembly (931ms)
			LoadAssemblies (81ms)
			RebuildTransferFunctionScriptingTraits (0ms)
			SetupTypeCache (294ms)
			ReleaseScriptCaches (1ms)
			RebuildScriptCaches (76ms)
			SetupLoadedEditorAssemblies (387ms)
				LogAssemblyErrors (0ms)
				InitializePlatformSupportModulesInManaged (6ms)
				SetLoadedEditorAssemblies (0ms)
				RefreshPlugins (1ms)
				BeforeProcessingInitializeOnLoad (98ms)
				ProcessInitializeOnLoadAttributes (226ms)
				ProcessInitializeOnLoadMethodAttributes (54ms)
				AfterProcessingInitializeOnLoad (2ms)
				EditorAssembliesLoaded (0ms)
			ExecutionOrderSort2 (0ms)
			AwakeInstancesAfterBackupRestoration (6ms)
Platform modules already initialized, skipping
Refreshing native plugins compatible for Editor in 0.83 ms, found 2 plugins.
Preloading 0 native plugins for Editor in 0.00 ms.
Unloading 3418 Unused Serialized files (Serialized files now loaded: 0)
System memory in use before: 166.2 MB.
System memory in use after: 166.5 MB.

Unloading 48 unused Assets to reduce memory usage. Loaded Objects now: 3953.
Total: 5.929200 ms (FindLiveObjects: 0.272600 ms CreateObjectMapping: 0.154500 ms MarkObjects: 5.472300 ms  DeleteObjects: 0.028500 ms)

AssetImportParameters requested are different than current active one (requested -> active):
  custom:framework-win-MediaFoundation: 216162199b28c13a410421893ffa2e32 -> 
  custom:video-decoder-ogg-theora: a1e56fd34408186e4bbccfd4996cb3dc -> 
  custom:container-muxer-webm: aa71ff27fc2769a1b78a27578f13a17b -> 
  custom:container-demuxer-webm: 4f35f7cbe854078d1ac9338744f61a02 -> 
  custom:container-demuxer-ogg: 62fdf1f143b41e24485cea50d1cbac27 -> 
  custom:video-encoder-webm-vp8: eb34c28f22e8b96e1ab97ce403110664 -> 
  custom:video-decoder-webm-vp8: 9c59270c3fd7afecdb556c50c9e8de78 -> 
  custom:audio-decoder-ogg-vorbis: bf7c407c2cedff20999df2af8eb42d56 -> 
  custom:audio-encoder-webm-vorbis: bf7c407c2cedff20999df2af8eb42d56 -> 
========================================================================
Received Prepare
Registering precompiled user dll's ...
Registered in 0.002968 seconds.
Begin MonoManager ReloadAssembly
Native extension for WindowsStandalone target not found
Native extension for WebGL target not found
Refreshing native plugins compatible for Editor in 0.82 ms, found 2 plugins.
Preloading 0 native plugins for Editor in 0.00 ms.
Mono: successfully reloaded assembly
- Completed reload, in  1.102 seconds
Domain Reload Profiling:
	ReloadAssembly (1102ms)
		BeginReloadAssembly (97ms)
			ExecutionOrderSort (0ms)
			DisableScriptedObjects (6ms)
			BackupInstance (0ms)
			ReleaseScriptingObjects (0ms)
			CreateAndSetChildDomain (33ms)
		EndReloadAssembly (954ms)
			LoadAssemblies (97ms)
			RebuildTransferFunctionScriptingTraits (0ms)
			SetupTypeCache (291ms)
			ReleaseScriptCaches (1ms)
			RebuildScriptCaches (75ms)
			SetupLoadedEditorAssemblies (393ms)
				LogAssemblyErrors (0ms)
				InitializePlatformSupportModulesInManaged (6ms)
				SetLoadedEditorAssemblies (0ms)
				RefreshPlugins (1ms)
				BeforeProcessingInitializeOnLoad (98ms)
				ProcessInitializeOnLoadAttributes (230ms)
				ProcessInitializeOnLoadMethodAttributes (56ms)
				AfterProcessingInitializeOnLoad (2ms)
				EditorAssembliesLoaded (0ms)
			ExecutionOrderSort2 (0ms)
			AwakeInstancesAfterBackupRestoration (7ms)
Platform modules already initialized, skipping
Refreshing native plugins compatible for Editor in 0.84 ms, found 2 plugins.
Preloading 0 native plugins for Editor in 0.00 ms.
Unloading 3418 Unused Serialized files (Serialized files now loaded: 0)
System memory in use before: 166.2 MB.
System memory in use after: 166.5 MB.

Unloading 48 unused Assets to reduce memory usage. Loaded Objects now: 3955.
Total: 6.682200 ms (FindLiveObjects: 0.275800 ms CreateObjectMapping: 0.141100 ms MarkObjects: 6.228800 ms  DeleteObjects: 0.035200 ms)

AssetImportParameters requested are different than current active one (requested -> active):
  custom:framework-win-MediaFoundation: 216162199b28c13a410421893ffa2e32 -> 
  custom:video-decoder-ogg-theora: a1e56fd34408186e4bbccfd4996cb3dc -> 
  custom:container-muxer-webm: aa71ff27fc2769a1b78a27578f13a17b -> 
  custom:container-demuxer-webm: 4f35f7cbe854078d1ac9338744f61a02 -> 
  custom:container-demuxer-ogg: 62fdf1f143b41e24485cea50d1cbac27 -> 
  custom:video-encoder-webm-vp8: eb34c28f22e8b96e1ab97ce403110664 -> 
  custom:video-decoder-webm-vp8: 9c59270c3fd7afecdb556c50c9e8de78 -> 
  custom:audio-decoder-ogg-vorbis: bf7c407c2cedff20999df2af8eb42d56 -> 
  custom:audio-encoder-webm-vorbis: bf7c407c2cedff20999df2af8eb42d56 -> 
========================================================================
Received Prepare
Registering precompiled user dll's ...
Registered in 0.002690 seconds.
Begin MonoManager ReloadAssembly
Native extension for WindowsStandalone target not found
Native extension for WebGL target not found
Refreshing native plugins compatible for Editor in 0.82 ms, found 2 plugins.
Preloading 0 native plugins for Editor in 0.00 ms.
Mono: successfully reloaded assembly
- Completed reload, in  1.115 seconds
Domain Reload Profiling:
	ReloadAssembly (1115ms)
		BeginReloadAssembly (123ms)
			ExecutionOrderSort (0ms)
			DisableScriptedObjects (9ms)
			BackupInstance (0ms)
			ReleaseScriptingObjects (0ms)
			CreateAndSetChildDomain (35ms)
		EndReloadAssembly (933ms)
			LoadAssemblies (83ms)
			RebuildTransferFunctionScriptingTraits (0ms)
			SetupTypeCache (292ms)
			ReleaseScriptCaches (1ms)
			RebuildScriptCaches (80ms)
			SetupLoadedEditorAssemblies (389ms)
				LogAssemblyErrors (0ms)
				InitializePlatformSupportModulesInManaged (6ms)
				SetLoadedEditorAssemblies (0ms)
				RefreshPlugins (1ms)
				BeforeProcessingInitializeOnLoad (103ms)
				ProcessInitializeOnLoadAttributes (221ms)
				ProcessInitializeOnLoadMethodAttributes (56ms)
				AfterProcessingInitializeOnLoad (2ms)
				EditorAssembliesLoaded (0ms)
			ExecutionOrderSort2 (0ms)
			AwakeInstancesAfterBackupRestoration (7ms)
Platform modules already initialized, skipping
Refreshing native plugins compatible for Editor in 0.83 ms, found 2 plugins.
Preloading 0 native plugins for Editor in 0.00 ms.
Unloading 3418 Unused Serialized files (Serialized files now loaded: 0)
System memory in use before: 166.3 MB.
System memory in use after: 166.5 MB.

Unloading 48 unused Assets to reduce memory usage. Loaded Objects now: 3957.
Total: 6.111600 ms (FindLiveObjects: 0.319300 ms CreateObjectMapping: 0.129400 ms MarkObjects: 5.633200 ms  DeleteObjects: 0.028300 ms)

AssetImportParameters requested are different than current active one (requested -> active):
  custom:framework-win-MediaFoundation: 216162199b28c13a410421893ffa2e32 -> 
  custom:video-decoder-ogg-theora: a1e56fd34408186e4bbccfd4996cb3dc -> 
  custom:container-muxer-webm: aa71ff27fc2769a1b78a27578f13a17b -> 
  custom:container-demuxer-webm: 4f35f7cbe854078d1ac9338744f61a02 -> 
  custom:container-demuxer-ogg: 62fdf1f143b41e24485cea50d1cbac27 -> 
  custom:video-encoder-webm-vp8: eb34c28f22e8b96e1ab97ce403110664 -> 
  custom:video-decoder-webm-vp8: 9c59270c3fd7afecdb556c50c9e8de78 -> 
  custom:audio-decoder-ogg-vorbis: bf7c407c2cedff20999df2af8eb42d56 -> 
  custom:audio-encoder-webm-vorbis: bf7c407c2cedff20999df2af8eb42d56 -> 
